<?xml version="1.0" encoding="UTF-8"?>
<!-- Generated by org.testng.reporters.JUnitReportReporter -->
<testsuite hostname="DESKTOP-2SA0BMJ" failures="0" tests="1" name="tests.LoginTest_PagePractise" time="18.335" errors="0" timestamp="2025-06-04T10:00:44 CEST" skipped="0">
  <testcase classname="tests.LoginTest_PagePractise" name="loginSuccessfully" time="18.335"/>
</testsuite> <!-- tests.LoginTest_PagePractise -->
