<?xml version="1.0" encoding="UTF-8"?>
<!-- Generated by org.testng.reporters.JUnitReportReporter -->
<testsuite hostname="DESKTOP-2SA0BMJ" failures="0" tests="4" name="tests.AutomationPracticeTests" time="29.355" errors="0" timestamp="2025-06-04T10:25:23 CEST" skipped="0">
  <testcase classname="tests.AutomationPracticeTests" name="TC04_onlyOneRadioButtonSelected" time="7.573"/>
  <testcase classname="tests.AutomationPracticeTests" name="TC02_selectSecondRadioButton" time="8.172"/>
  <testcase classname="tests.AutomationPracticeTests" name="TC03_selectThirdRadioButton" time="6.747"/>
  <testcase classname="tests.AutomationPracticeTests" name="TC01_selectFirstRadioButton" time="6.863"/>
</testsuite> <!-- tests.AutomationPracticeTests -->
