<?xml version="1.0" encoding="UTF-8"?>
<!-- Generated by org.testng.reporters.JUnitReportReporter -->
<testsuite hostname="DESKTOP-2SA0BMJ" failures="0" tests="1" name="tests.LoginTest_PagePractise" time="3.350" errors="0" timestamp="2025-05-27T17:18:28 CEST" skipped="0">
  <testcase classname="tests.LoginTest_PagePractise" name="loginEmptyFields" time="3.350"/>
</testsuite> <!-- tests.LoginTest_PagePractise -->
